<?xml version="1.0" encoding="UTF-8"?>
<!-- Generated by org.testng.reporters.JUnitXMLReporter -->
<testsuite ignored="0" hostname="DESKTOP-QB131GQ" failures="0" tests="3" name="Default test" time="8.783" errors="0" timestamp="2023-05-23T17:17:52 IST">
  <testcase classname="testClassPackage.Post_TC2" name="execute" time="5.998"/>
  <testcase classname="testClassPackage.Post_TC3" name="execute" time="1.262"/>
  <testcase classname="testClassPackage.Post_TC1" name="execute" time="1.327"/>
</testsuite> <!-- Default test -->
