<?xml version="1.0" encoding="UTF-8"?>
<testng-results ignored="0" total="1" passed="1" failed="0" skipped="0">
  <reporter-output>
  </reporter-output>
  <suite started-at="2023-05-29T08:00:59 IST" name="Default suite" finished-at="2023-05-29T08:01:09 IST" duration-ms="9762">
    <groups>
    </groups>
    <test started-at="2023-05-29T08:00:59 IST" name="Default test" finished-at="2023-05-29T08:01:09 IST" duration-ms="9762">
      <class name="teClasPack.Post__TC___1">
        <test-method signature="execute()[pri:0, instance:teClasPack.Post__TC___1@2d6c53fc]" started-at="2023-05-29T08:00:59 IST" name="execute" finished-at="2023-05-29T08:01:09 IST" duration-ms="9519" status="PASS">
          <reporter-output>
          </reporter-output>
        </test-method> <!-- execute -->
      </class> <!-- teClasPack.Post__TC___1 -->
    </test> <!-- Default test -->
  </suite> <!-- Default suite -->
</testng-results>
